0 info it worked if it ends with ok
1 verbose cli [ '/usr/bin/node', '/usr/bin/npm', 'install', '--save', 'mocha' ]
2 info using npm@3.5.2
3 info using node@v8.10.0
4 silly loadCurrentTree Starting
5 silly install loadCurrentTree
6 silly install readLocalPackageData
7 silly fetchPackageMetaData mocha
8 silly fetchNamedPackageData mocha
9 silly mapToRegistry name mocha
10 silly mapToRegistry using default registry
11 silly mapToRegistry registry https://registry.npmjs.org/
12 silly mapToRegistry uri https://registry.npmjs.org/mocha
13 verbose request uri https://registry.npmjs.org/mocha
14 verbose request no auth needed
15 info attempt registry request try #1 at 15:26:39
16 verbose request id 8bd2fba51d06202e
17 verbose etag W/"648fe139849a92b83d036099af30a07c"
18 verbose lastModified Fri, 16 Oct 2020 21:11:35 GMT
19 http request GET https://registry.npmjs.org/mocha
20 http 304 https://registry.npmjs.org/mocha
21 verbose headers { date: 'Wed, 28 Oct 2020 13:26:39 GMT',
21 verbose headers   connection: 'keep-alive',
21 verbose headers   'set-cookie':
21 verbose headers    [ '__cfduid=df5dc1f9f22a4f7ae361796bdf18349bb1603891599; expires=Fri, 27-Nov-20 13:26:39 GMT; path=/; domain=.npmjs.org; HttpOnly; SameSite=Lax' ],
21 verbose headers   'cf-ray': '5e94fd5f39988050-CPT',
21 verbose headers   age: '49',
21 verbose headers   'cache-control': 'public, max-age=300',
21 verbose headers   etag: '"648fe139849a92b83d036099af30a07c"',
21 verbose headers   'last-modified': 'Fri, 16 Oct 2020 21:11:35 GMT',
21 verbose headers   vary: 'Accept-Encoding',
21 verbose headers   'cf-cache-status': 'HIT',
21 verbose headers   'cf-request-id': '0610fcaf7e00008050c1b6c000000001',
21 verbose headers   'expect-ct': 'max-age=604800, report-uri="https://report-uri.cloudflare.com/cdn-cgi/beacon/expect-ct"',
21 verbose headers   server: 'cloudflare' }
22 silly get cb [ 304,
22 silly get   { date: 'Wed, 28 Oct 2020 13:26:39 GMT',
22 silly get     connection: 'keep-alive',
22 silly get     'set-cookie':
22 silly get      [ '__cfduid=df5dc1f9f22a4f7ae361796bdf18349bb1603891599; expires=Fri, 27-Nov-20 13:26:39 GMT; path=/; domain=.npmjs.org; HttpOnly; SameSite=Lax' ],
22 silly get     'cf-ray': '5e94fd5f39988050-CPT',
22 silly get     age: '49',
22 silly get     'cache-control': 'public, max-age=300',
22 silly get     etag: '"648fe139849a92b83d036099af30a07c"',
22 silly get     'last-modified': 'Fri, 16 Oct 2020 21:11:35 GMT',
22 silly get     vary: 'Accept-Encoding',
22 silly get     'cf-cache-status': 'HIT',
22 silly get     'cf-request-id': '0610fcaf7e00008050c1b6c000000001',
22 silly get     'expect-ct': 'max-age=604800, report-uri="https://report-uri.cloudflare.com/cdn-cgi/beacon/expect-ct"',
22 silly get     server: 'cloudflare' } ]
23 verbose etag https://registry.npmjs.org/mocha from cache
24 verbose get saving mocha to /home/lilithangele/.npm/registry.npmjs.org/mocha/.cache.json
25 silly install normalizeTree
26 silly loadCurrentTree Finishing
27 silly loadIdealTree Starting
28 silly install loadIdealTree
29 silly cloneCurrentTree Starting
30 silly install cloneCurrentTreeToIdealTree
31 silly cloneCurrentTree Finishing
32 silly loadShrinkwrap Starting
33 silly install loadShrinkwrap
34 silly loadShrinkwrap Finishing
35 silly loadAllDepsIntoIdealTree Starting
36 silly install loadAllDepsIntoIdealTree
37 silly resolveWithNewModule mocha@8.2.0 checking installable status
38 silly cache add args [ 'mocha', null ]
39 verbose cache add spec mocha
40 silly cache add parsed spec Result {
40 silly cache add   raw: 'mocha',
40 silly cache add   scope: null,
40 silly cache add   name: 'mocha',
40 silly cache add   rawSpec: '',
40 silly cache add   spec: 'latest',
40 silly cache add   type: 'tag' }
41 silly addNamed mocha@latest
42 verbose addNamed "latest" is being treated as a dist-tag for mocha
43 info addNameTag [ 'mocha', 'latest' ]
44 silly mapToRegistry name mocha
45 silly mapToRegistry using default registry
46 silly mapToRegistry registry https://registry.npmjs.org/
47 silly mapToRegistry uri https://registry.npmjs.org/mocha
48 verbose addNameTag registry:https://registry.npmjs.org/mocha not in flight; fetching
49 verbose get https://registry.npmjs.org/mocha not expired, no request
50 silly addNameTag next cb for mocha with tag latest
51 silly addNamed mocha@8.2.0
52 verbose addNamed "8.2.0" is a plain semver version for mocha
53 silly cache afterAdd mocha@8.2.0
54 verbose afterAdd /home/lilithangele/.npm/mocha/8.2.0/package/package.json not in flight; writing
55 verbose afterAdd /home/lilithangele/.npm/mocha/8.2.0/package/package.json written
56 silly fetchNamedPackageData @ungap/promise-all-settled
57 silly mapToRegistry name @ungap/promise-all-settled
58 silly mapToRegistry scope (from package name) @ungap
59 verbose mapToRegistry no registry URL found in name for scope @ungap
60 silly mapToRegistry using default registry
61 silly mapToRegistry registry https://registry.npmjs.org/
62 silly mapToRegistry uri https://registry.npmjs.org/@ungap%2fpromise-all-settled
63 silly fetchNamedPackageData ansi-colors
64 silly mapToRegistry name ansi-colors
65 silly mapToRegistry using default registry
66 silly mapToRegistry registry https://registry.npmjs.org/
67 silly mapToRegistry uri https://registry.npmjs.org/ansi-colors
68 silly fetchNamedPackageData browser-stdout
69 silly mapToRegistry name browser-stdout
70 silly mapToRegistry using default registry
71 silly mapToRegistry registry https://registry.npmjs.org/
72 silly mapToRegistry uri https://registry.npmjs.org/browser-stdout
73 silly fetchNamedPackageData chokidar
74 silly mapToRegistry name chokidar
75 silly mapToRegistry using default registry
76 silly mapToRegistry registry https://registry.npmjs.org/
77 silly mapToRegistry uri https://registry.npmjs.org/chokidar
78 silly fetchNamedPackageData debug
79 silly mapToRegistry name debug
80 silly mapToRegistry using default registry
81 silly mapToRegistry registry https://registry.npmjs.org/
82 silly mapToRegistry uri https://registry.npmjs.org/debug
83 silly fetchNamedPackageData diff
84 silly mapToRegistry name diff
85 silly mapToRegistry using default registry
86 silly mapToRegistry registry https://registry.npmjs.org/
87 silly mapToRegistry uri https://registry.npmjs.org/diff
88 silly fetchNamedPackageData escape-string-regexp
89 silly mapToRegistry name escape-string-regexp
90 silly mapToRegistry using default registry
91 silly mapToRegistry registry https://registry.npmjs.org/
92 silly mapToRegistry uri https://registry.npmjs.org/escape-string-regexp
93 silly fetchNamedPackageData find-up
94 silly mapToRegistry name find-up
95 silly mapToRegistry using default registry
96 silly mapToRegistry registry https://registry.npmjs.org/
97 silly mapToRegistry uri https://registry.npmjs.org/find-up
98 silly fetchNamedPackageData growl
99 silly mapToRegistry name growl
100 silly mapToRegistry using default registry
101 silly mapToRegistry registry https://registry.npmjs.org/
102 silly mapToRegistry uri https://registry.npmjs.org/growl
103 silly fetchNamedPackageData he
104 silly mapToRegistry name he
105 silly mapToRegistry using default registry
106 silly mapToRegistry registry https://registry.npmjs.org/
107 silly mapToRegistry uri https://registry.npmjs.org/he
108 silly fetchNamedPackageData js-yaml
109 silly mapToRegistry name js-yaml
110 silly mapToRegistry using default registry
111 silly mapToRegistry registry https://registry.npmjs.org/
112 silly mapToRegistry uri https://registry.npmjs.org/js-yaml
113 silly fetchNamedPackageData log-symbols
114 silly mapToRegistry name log-symbols
115 silly mapToRegistry using default registry
116 silly mapToRegistry registry https://registry.npmjs.org/
117 silly mapToRegistry uri https://registry.npmjs.org/log-symbols
118 silly fetchNamedPackageData ms
119 silly mapToRegistry name ms
120 silly mapToRegistry using default registry
121 silly mapToRegistry registry https://registry.npmjs.org/
122 silly mapToRegistry uri https://registry.npmjs.org/ms
123 silly fetchNamedPackageData nanoid
124 silly mapToRegistry name nanoid
125 silly mapToRegistry using default registry
126 silly mapToRegistry registry https://registry.npmjs.org/
127 silly mapToRegistry uri https://registry.npmjs.org/nanoid
128 silly fetchNamedPackageData serialize-javascript
129 silly mapToRegistry name serialize-javascript
130 silly mapToRegistry using default registry
131 silly mapToRegistry registry https://registry.npmjs.org/
132 silly mapToRegistry uri https://registry.npmjs.org/serialize-javascript
133 silly fetchNamedPackageData strip-json-comments
134 silly mapToRegistry name strip-json-comments
135 silly mapToRegistry using default registry
136 silly mapToRegistry registry https://registry.npmjs.org/
137 silly mapToRegistry uri https://registry.npmjs.org/strip-json-comments
138 silly fetchNamedPackageData which
139 silly mapToRegistry name which
140 silly mapToRegistry using default registry
141 silly mapToRegistry registry https://registry.npmjs.org/
142 silly mapToRegistry uri https://registry.npmjs.org/which
143 silly fetchNamedPackageData wide-align
144 silly mapToRegistry name wide-align
145 silly mapToRegistry using default registry
146 silly mapToRegistry registry https://registry.npmjs.org/
147 silly mapToRegistry uri https://registry.npmjs.org/wide-align
148 silly fetchNamedPackageData workerpool
149 silly mapToRegistry name workerpool
150 silly mapToRegistry using default registry
151 silly mapToRegistry registry https://registry.npmjs.org/
152 silly mapToRegistry uri https://registry.npmjs.org/workerpool
153 silly fetchNamedPackageData yargs
154 silly mapToRegistry name yargs
155 silly mapToRegistry using default registry
156 silly mapToRegistry registry https://registry.npmjs.org/
157 silly mapToRegistry uri https://registry.npmjs.org/yargs
158 silly fetchNamedPackageData yargs-parser
159 silly mapToRegistry name yargs-parser
160 silly mapToRegistry using default registry
161 silly mapToRegistry registry https://registry.npmjs.org/
162 silly mapToRegistry uri https://registry.npmjs.org/yargs-parser
163 silly fetchNamedPackageData yargs-unparser
164 silly mapToRegistry name yargs-unparser
165 silly mapToRegistry using default registry
166 silly mapToRegistry registry https://registry.npmjs.org/
167 silly mapToRegistry uri https://registry.npmjs.org/yargs-unparser
168 verbose request uri https://registry.npmjs.org/@ungap%2fpromise-all-settled
169 verbose request no auth needed
170 info attempt registry request try #1 at 15:26:39
171 verbose etag W/"2cdb74871b650d32d4a6d967a197e67a"
172 verbose lastModified Tue, 21 Jul 2020 14:49:27 GMT
173 http request GET https://registry.npmjs.org/@ungap%2fpromise-all-settled
174 verbose request uri https://registry.npmjs.org/browser-stdout
175 verbose request no auth needed
176 info attempt registry request try #1 at 15:26:39
177 verbose etag W/"ad7ee1c0c8f38e2f2bef40d5d7f48977"
178 verbose lastModified Sat, 26 May 2018 19:02:02 GMT
179 http request GET https://registry.npmjs.org/browser-stdout
180 verbose request uri https://registry.npmjs.org/ansi-colors
181 verbose request no auth needed
182 info attempt registry request try #1 at 15:26:39
183 verbose etag W/"f58fd59c3e565badf5cb5555e551e8cc"
184 verbose lastModified Wed, 03 Jul 2019 05:13:22 GMT
185 http request GET https://registry.npmjs.org/ansi-colors
186 verbose request uri https://registry.npmjs.org/chokidar
187 verbose request no auth needed
188 info attempt registry request try #1 at 15:26:39
189 verbose etag W/"add7c0266a70c5baff946603cc281255"
190 verbose lastModified Mon, 26 Oct 2020 21:55:25 GMT
191 http request GET https://registry.npmjs.org/chokidar
192 verbose request uri https://registry.npmjs.org/escape-string-regexp
193 verbose request no auth needed
194 info attempt registry request try #1 at 15:26:39
195 verbose etag W/"98a43dfdee742a829ad75e9f364dcdc5"
196 verbose lastModified Thu, 23 Apr 2020 07:31:29 GMT
197 http request GET https://registry.npmjs.org/escape-string-regexp
198 verbose request uri https://registry.npmjs.org/find-up
199 verbose request no auth needed
200 info attempt registry request try #1 at 15:26:39
201 verbose etag W/"7efcc9106bbd81c79b5f5b6a403472de"
202 verbose lastModified Tue, 11 Aug 2020 18:44:29 GMT
203 http request GET https://registry.npmjs.org/find-up
204 verbose request uri https://registry.npmjs.org/growl
205 verbose request no auth needed
206 info attempt registry request try #1 at 15:26:39
207 verbose etag W/"03a81d3279ea8d2a06fb68c7d68a18c7"
208 verbose lastModified Sun, 27 May 2018 02:48:49 GMT
209 http request GET https://registry.npmjs.org/growl
210 verbose request uri https://registry.npmjs.org/diff
211 verbose request no auth needed
212 info attempt registry request try #1 at 15:26:39
213 verbose etag W/"5bf3d5faa1a3c628a13248b9c3b48b39"
214 verbose lastModified Mon, 13 Jan 2020 04:49:07 GMT
215 http request GET https://registry.npmjs.org/diff
216 verbose request uri https://registry.npmjs.org/he
217 verbose request no auth needed
218 info attempt registry request try #1 at 15:26:39
219 verbose etag W/"c39dcd127e6c6a5df91dd908ef025079"
220 verbose lastModified Fri, 04 Jan 2019 02:45:18 GMT
221 http request GET https://registry.npmjs.org/he
222 verbose request uri https://registry.npmjs.org/log-symbols
223 verbose request no auth needed
224 info attempt registry request try #1 at 15:26:39
225 verbose etag W/"634e5b71b2f63109b5089d7f7184007b"
226 verbose lastModified Sun, 26 Apr 2020 10:47:39 GMT
227 http request GET https://registry.npmjs.org/log-symbols
228 verbose request uri https://registry.npmjs.org/ms
229 verbose request no auth needed
230 info attempt registry request try #1 at 15:26:39
231 verbose etag W/"13bdb80f2ec85587a629b52f37e982b9"
232 verbose lastModified Mon, 19 Oct 2020 22:15:31 GMT
233 http request GET https://registry.npmjs.org/ms
234 verbose request uri https://registry.npmjs.org/debug
235 verbose request no auth needed
236 info attempt registry request try #1 at 15:26:39
237 verbose etag W/"9ce3bb2c3e158c31baab90a1f75f2d4b"
238 verbose lastModified Sat, 19 Sep 2020 08:36:33 GMT
239 http request GET https://registry.npmjs.org/debug
240 verbose request uri https://registry.npmjs.org/js-yaml
241 verbose request no auth needed
242 info attempt registry request try #1 at 15:26:39
243 verbose etag W/"3984ed4426c010049188a2bf987c1e97"
244 verbose lastModified Fri, 22 May 2020 18:30:36 GMT
245 http request GET https://registry.npmjs.org/js-yaml
246 verbose request uri https://registry.npmjs.org/strip-json-comments
247 verbose request no auth needed
248 info attempt registry request try #1 at 15:26:39
249 verbose etag W/"0657494e03e5f4cc23d8394eed1cdbe3"
250 verbose lastModified Sun, 12 Jul 2020 14:45:00 GMT
251 http request GET https://registry.npmjs.org/strip-json-comments
252 verbose request uri https://registry.npmjs.org/serialize-javascript
253 verbose request no auth needed
254 info attempt registry request try #1 at 15:26:39
255 verbose etag W/"b4b949fa21c5b28c05796b24deab12ad"
256 verbose lastModified Thu, 10 Sep 2020 12:53:23 GMT
257 http request GET https://registry.npmjs.org/serialize-javascript
258 verbose request uri https://registry.npmjs.org/wide-align
259 verbose request no auth needed
260 info attempt registry request try #1 at 15:26:39
261 verbose etag W/"44d770e28006fb53d4b16285c680c995"
262 verbose lastModified Sun, 27 May 2018 21:57:50 GMT
263 http request GET https://registry.npmjs.org/wide-align
264 verbose request uri https://registry.npmjs.org/which
265 verbose request no auth needed
266 info attempt registry request try #1 at 15:26:39
267 verbose etag W/"0cf763dd6f9a465542ea7a70e062cb04"
268 verbose lastModified Mon, 18 Nov 2019 22:26:18 GMT
269 http request GET https://registry.npmjs.org/which
270 verbose request uri https://registry.npmjs.org/nanoid
271 verbose request no auth needed
272 info attempt registry request try #1 at 15:26:39
273 verbose etag W/"ec7098f0a78ee73d25c7c8f990a4029e"
274 verbose lastModified Mon, 26 Oct 2020 21:52:18 GMT
275 http request GET https://registry.npmjs.org/nanoid
276 verbose request uri https://registry.npmjs.org/workerpool
277 verbose request no auth needed
278 info attempt registry request try #1 at 15:26:39
279 verbose etag W/"ffc6953836e7017f2806a5ce62369bb4"
280 verbose lastModified Wed, 28 Oct 2020 10:44:48 GMT
281 http request GET https://registry.npmjs.org/workerpool
282 verbose request uri https://registry.npmjs.org/yargs-unparser
283 verbose request no auth needed
284 info attempt registry request try #1 at 15:26:39
285 verbose etag W/"9793c0883936c22610f7230a3fcd0300"
286 verbose lastModified Fri, 02 Oct 2020 00:21:44 GMT
287 http request GET https://registry.npmjs.org/yargs-unparser
288 verbose request uri https://registry.npmjs.org/yargs-parser
289 verbose request no auth needed
290 info attempt registry request try #1 at 15:26:39
291 verbose etag W/"d59798a30198020ff90ec58943d3f995"
292 verbose lastModified Fri, 16 Oct 2020 15:45:19 GMT
293 http request GET https://registry.npmjs.org/yargs-parser
294 verbose request uri https://registry.npmjs.org/yargs
295 verbose request no auth needed
296 info attempt registry request try #1 at 15:26:39
297 verbose etag W/"a4375234a85bb970a0ab3e634123647c"
298 verbose lastModified Fri, 16 Oct 2020 00:15:20 GMT
299 http request GET https://registry.npmjs.org/yargs
300 http 304 https://registry.npmjs.org/@ungap%2fpromise-all-settled
301 verbose headers { date: 'Wed, 28 Oct 2020 13:26:39 GMT',
301 verbose headers   connection: 'keep-alive',
301 verbose headers   'set-cookie':
301 verbose headers    [ '__cfduid=df5dc1f9f22a4f7ae361796bdf18349bb1603891599; expires=Fri, 27-Nov-20 13:26:39 GMT; path=/; domain=.npmjs.org; HttpOnly; SameSite=Lax' ],
301 verbose headers   'cf-ray': '5e94fd627c078050-CPT',
301 verbose headers   age: '45',
301 verbose headers   'cache-control': 'public, max-age=300',
301 verbose headers   etag: '"2cdb74871b650d32d4a6d967a197e67a"',
301 verbose headers   'last-modified': 'Tue, 21 Jul 2020 14:49:27 GMT',
301 verbose headers   vary: 'Accept-Encoding',
301 verbose headers   'cf-cache-status': 'HIT',
301 verbose headers   'cf-request-id': '0610fcb18800008050edafa000000001',
301 verbose headers   'expect-ct': 'max-age=604800, report-uri="https://report-uri.cloudflare.com/cdn-cgi/beacon/expect-ct"',
301 verbose headers   server: 'cloudflare' }
302 silly get cb [ 304,
302 silly get   { date: 'Wed, 28 Oct 2020 13:26:39 GMT',
302 silly get     connection: 'keep-alive',
302 silly get     'set-cookie':
302 silly get      [ '__cfduid=df5dc1f9f22a4f7ae361796bdf18349bb1603891599; expires=Fri, 27-Nov-20 13:26:39 GMT; path=/; domain=.npmjs.org; HttpOnly; SameSite=Lax' ],
302 silly get     'cf-ray': '5e94fd627c078050-CPT',
302 silly get     age: '45',
302 silly get     'cache-control': 'public, max-age=300',
302 silly get     etag: '"2cdb74871b650d32d4a6d967a197e67a"',
302 silly get     'last-modified': 'Tue, 21 Jul 2020 14:49:27 GMT',
302 silly get     vary: 'Accept-Encoding',
302 silly get     'cf-cache-status': 'HIT',
302 silly get     'cf-request-id': '0610fcb18800008050edafa000000001',
302 silly get     'expect-ct': 'max-age=604800, report-uri="https://report-uri.cloudflare.com/cdn-cgi/beacon/expect-ct"',
302 silly get     server: 'cloudflare' } ]
303 verbose etag https://registry.npmjs.org/@ungap%2fpromise-all-settled from cache
304 verbose get saving @ungap/promise-all-settled to /home/lilithangele/.npm/registry.npmjs.org/_40ungap_252fpromise-all-settled/.cache.json
305 verbose stack Error: Missing required argument #1
305 verbose stack     at andLogAndFinish (/usr/share/npm/lib/fetch-package-metadata.js:31:3)
305 verbose stack     at fetchPackageMetadata (/usr/share/npm/lib/fetch-package-metadata.js:51:22)
305 verbose stack     at resolveWithNewModule (/usr/share/npm/lib/install/deps.js:456:12)
305 verbose stack     at /usr/share/npm/lib/install/deps.js:457:7
305 verbose stack     at /usr/share/npm/node_modules/iferr/index.js:13:50
305 verbose stack     at /usr/share/npm/lib/fetch-package-metadata.js:37:12
305 verbose stack     at addRequestedAndFinish (/usr/share/npm/lib/fetch-package-metadata.js:82:5)
305 verbose stack     at returnAndAddMetadata (/usr/share/npm/lib/fetch-package-metadata.js:117:7)
305 verbose stack     at pickVersionFromRegistryDocument (/usr/share/npm/lib/fetch-package-metadata.js:134:20)
305 verbose stack     at /usr/share/npm/node_modules/iferr/index.js:13:50
306 verbose cwd /home/lilithangele/projects/greetings-webapp
307 error Linux 5.4.0-51-generic
308 error argv "/usr/bin/node" "/usr/bin/npm" "install" "--save" "mocha"
309 error node v8.10.0
310 error npm  v3.5.2
311 error code EMISSINGARG
312 error typeerror Error: Missing required argument #1
312 error typeerror     at andLogAndFinish (/usr/share/npm/lib/fetch-package-metadata.js:31:3)
312 error typeerror     at fetchPackageMetadata (/usr/share/npm/lib/fetch-package-metadata.js:51:22)
312 error typeerror     at resolveWithNewModule (/usr/share/npm/lib/install/deps.js:456:12)
312 error typeerror     at /usr/share/npm/lib/install/deps.js:457:7
312 error typeerror     at /usr/share/npm/node_modules/iferr/index.js:13:50
312 error typeerror     at /usr/share/npm/lib/fetch-package-metadata.js:37:12
312 error typeerror     at addRequestedAndFinish (/usr/share/npm/lib/fetch-package-metadata.js:82:5)
312 error typeerror     at returnAndAddMetadata (/usr/share/npm/lib/fetch-package-metadata.js:117:7)
312 error typeerror     at pickVersionFromRegistryDocument (/usr/share/npm/lib/fetch-package-metadata.js:134:20)
312 error typeerror     at /usr/share/npm/node_modules/iferr/index.js:13:50
313 error typeerror This is an error with npm itself. Please report this error at:
313 error typeerror     <http://github.com/npm/npm/issues>
314 verbose exit [ 1, true ]
